{"C:\\Users\\hp\\Desktop\\Amalitech\\Official\\LabWorks\\5_staticallyStrictDebugger\\gtp_statically-strict-debugger\\src\\advanceSettings.ts": {"path":"C:\\Users\\hp\\Desktop\\Amalitech\\Official\\LabWorks\\5_staticallyStrictDebugger\\gtp_statically-strict-debugger\\src\\advanceSettings.ts","statementMap":{"0":{"start":{"line":3,"column":0},"end":{"line":3,"column":33}},"1":{"start":{"line":7,"column":0},"end":{"line":7,"column":36}},"2":{"start":{"line":18,"column":2},"end":{"line":18,"column":10}},"3":{"start":{"line":114,"column":23},"end":{"line":114,"column":62}},"4":{"start":{"line":115,"column":24},"end":{"line":115,"column":55}},"5":{"start":{"line":117,"column":2},"end":{"line":119,"column":3}},"6":{"start":{"line":118,"column":3},"end":{"line":118,"column":10}},"7":{"start":{"line":121,"column":24},"end":{"line":122,"column":null}},"8":{"start":{"line":124,"column":2},"end":{"line":124,"column":35}},"9":{"start":{"line":127,"column":2},"end":{"line":127,"column":76}},"10":{"start":{"line":130,"column":2},"end":{"line":130,"column":47}},"11":{"start":{"line":134,"column":18},"end":{"line":137,"column":null}},"12":{"start":{"line":139,"column":2},"end":{"line":139,"column":29}},"13":{"start":{"line":143,"column":24},"end":{"line":144,"column":null}},"14":{"start":{"line":146,"column":23},"end":{"line":146,"column":73}},"15":{"start":{"line":149,"column":2},"end":{"line":149,"column":24}},"16":{"start":{"line":151,"column":2},"end":{"line":151,"column":32}},"17":{"start":{"line":158,"column":18},"end":{"line":161,"column":null}},"18":{"start":{"line":163,"column":2},"end":{"line":163,"column":21}},"19":{"start":{"line":164,"column":2},"end":{"line":164,"column":9}},"20":{"start":{"line":168,"column":18},"end":{"line":171,"column":null}},"21":{"start":{"line":173,"column":20},"end":{"line":173,"column":27}},"22":{"start":{"line":176,"column":2},"end":{"line":176,"column":22}},"23":{"start":{"line":176,"column":15},"end":{"line":176,"column":22}},"24":{"start":{"line":178,"column":20},"end":{"line":181,"column":null}},"25":{"start":{"line":183,"column":2},"end":{"line":183,"column":27}},"26":{"start":{"line":184,"column":2},"end":{"line":184,"column":21}},"27":{"start":{"line":187,"column":22},"end":{"line":188,"column":null}},"28":{"start":{"line":190,"column":2},"end":{"line":190,"column":56}},"29":{"start":{"line":193,"column":2},"end":{"line":193,"column":38}},"30":{"start":{"line":196,"column":2},"end":{"line":196,"column":53}},"31":{"start":{"line":200,"column":18},"end":{"line":203,"column":null}},"32":{"start":{"line":205,"column":20},"end":{"line":205,"column":27}},"33":{"start":{"line":208,"column":2},"end":{"line":208,"column":22}},"34":{"start":{"line":208,"column":15},"end":{"line":208,"column":22}},"35":{"start":{"line":210,"column":20},"end":{"line":213,"column":null}},"36":{"start":{"line":215,"column":2},"end":{"line":215,"column":28}},"37":{"start":{"line":216,"column":2},"end":{"line":216,"column":21}},"38":{"start":{"line":219,"column":22},"end":{"line":220,"column":null}},"39":{"start":{"line":222,"column":2},"end":{"line":222,"column":57}},"40":{"start":{"line":225,"column":2},"end":{"line":225,"column":38}},"41":{"start":{"line":228,"column":2},"end":{"line":228,"column":62}},"42":{"start":{"line":232,"column":2},"end":{"line":232,"column":52}},"43":{"start":{"line":232,"column":22},"end":{"line":232,"column":52}},"44":{"start":{"line":233,"column":20},"end":{"line":233,"column":68}},"45":{"start":{"line":234,"column":2},"end":{"line":234,"column":19}},"46":{"start":{"line":238,"column":2},"end":{"line":238,"column":64}},"47":{"start":{"line":242,"column":28},"end":{"line":242,"column":63}},"48":{"start":{"line":243,"column":2},"end":{"line":243,"column":69}},"49":{"start":{"line":247,"column":2},"end":{"line":247,"column":54}},"50":{"start":{"line":251,"column":2},"end":{"line":251,"column":14}},"51":{"start":{"line":255,"column":22},"end":{"line":255,"column":37}},"52":{"start":{"line":257,"column":25},"end":{"line":257,"column":35}},"53":{"start":{"line":258,"column":2},"end":{"line":258,"column":42}},"54":{"start":{"line":259,"column":2},"end":{"line":259,"column":43}},"55":{"start":{"line":260,"column":2},"end":{"line":260,"column":31}},"56":{"start":{"line":262,"column":2},"end":{"line":262,"column":24}},"57":{"start":{"line":266,"column":14},"end":{"line":266,"column":24}},"58":{"start":{"line":267,"column":18},"end":{"line":267,"column":73}},"59":{"start":{"line":268,"column":2},"end":{"line":268,"column":28}},"60":{"start":{"line":269,"column":2},"end":{"line":269,"column":17}},"61":{"start":{"line":273,"column":2},"end":{"line":291,"column":5}},"62":{"start":{"line":274,"column":32},"end":{"line":287,"column":4}},"63":{"start":{"line":275,"column":16},"end":{"line":275,"column":26}},"64":{"start":{"line":277,"column":4},"end":{"line":286,"column":5}},"65":{"start":{"line":282,"column":5},"end":{"line":282,"column":48}},"66":{"start":{"line":285,"column":5},"end":{"line":285,"column":31}},"67":{"start":{"line":290,"column":22},"end":{"line":290,"column":61}},"68":{"start":{"line":295,"column":24},"end":{"line":295,"column":45}},"69":{"start":{"line":296,"column":2},"end":{"line":296,"column":58}},"70":{"start":{"line":21,"column":9},"end":{"line":111,"column":null}},"71":{"start":{"line":22,"column":49},"end":{"line":22,"column":58}},"72":{"start":{"line":23,"column":2},"end":{"line":86,"column":10}},"73":{"start":{"line":90,"column":14},"end":{"line":90,"column":60}},"74":{"start":{"line":91,"column":2},"end":{"line":110,"column":5}},"75":{"start":{"line":300,"column":0},"end":{"line":300,"column":31}}},"fnMap":{"0":{"name":"(anonymous_9)","decl":{"start":{"line":17,"column":1},"end":{"line":17,"column":null}},"loc":{"start":{"line":17,"column":1},"end":{"line":19,"column":2}}},"1":{"name":"(anonymous_10)","decl":{"start":{"line":113,"column":1},"end":{"line":113,"column":11}},"loc":{"start":{"line":113,"column":32},"end":{"line":131,"column":2}}},"2":{"name":"(anonymous_11)","decl":{"start":{"line":133,"column":1},"end":{"line":133,"column":21}},"loc":{"start":{"line":133,"column":50},"end":{"line":140,"column":2}}},"3":{"name":"(anonymous_12)","decl":{"start":{"line":142,"column":1},"end":{"line":142,"column":16}},"loc":{"start":{"line":142,"column":16},"end":{"line":152,"column":2}}},"4":{"name":"(anonymous_13)","decl":{"start":{"line":154,"column":1},"end":{"line":154,"column":23}},"loc":{"start":{"line":156,"column":34},"end":{"line":165,"column":2}}},"5":{"name":"(anonymous_14)","decl":{"start":{"line":167,"column":1},"end":{"line":167,"column":27}},"loc":{"start":{"line":167,"column":56},"end":{"line":197,"column":2}}},"6":{"name":"(anonymous_15)","decl":{"start":{"line":199,"column":1},"end":{"line":199,"column":28}},"loc":{"start":{"line":199,"column":62},"end":{"line":229,"column":2}}},"7":{"name":"(anonymous_16)","decl":{"start":{"line":231,"column":1},"end":{"line":231,"column":21}},"loc":{"start":{"line":231,"column":43},"end":{"line":235,"column":2}}},"8":{"name":"(anonymous_17)","decl":{"start":{"line":237,"column":1},"end":{"line":237,"column":20}},"loc":{"start":{"line":237,"column":42},"end":{"line":239,"column":2}}},"9":{"name":"(anonymous_18)","decl":{"start":{"line":241,"column":1},"end":{"line":241,"column":11}},"loc":{"start":{"line":241,"column":68},"end":{"line":244,"column":2}}},"10":{"name":"(anonymous_19)","decl":{"start":{"line":246,"column":1},"end":{"line":246,"column":15}},"loc":{"start":{"line":246,"column":28},"end":{"line":248,"column":2}}},"11":{"name":"(anonymous_20)","decl":{"start":{"line":250,"column":1},"end":{"line":250,"column":17}},"loc":{"start":{"line":250,"column":17},"end":{"line":252,"column":2}}},"12":{"name":"(anonymous_21)","decl":{"start":{"line":254,"column":1},"end":{"line":254,"column":11}},"loc":{"start":{"line":254,"column":24},"end":{"line":263,"column":2}}},"13":{"name":"(anonymous_22)","decl":{"start":{"line":265,"column":1},"end":{"line":265,"column":15}},"loc":{"start":{"line":265,"column":36},"end":{"line":270,"column":2}}},"14":{"name":"(anonymous_23)","decl":{"start":{"line":272,"column":7},"end":{"line":272,"column":12}},"loc":{"start":{"line":272,"column":61},"end":{"line":292,"column":null}}},"15":{"name":"(anonymous_25)","decl":{"start":{"line":273,"column":21},"end":{"line":273,"column":22}},"loc":{"start":{"line":273,"column":33},"end":{"line":291,"column":3}}},"16":{"name":"(anonymous_26)","decl":{"start":{"line":274,"column":32},"end":{"line":274,"column":35}},"loc":{"start":{"line":274,"column":37},"end":{"line":287,"column":4}}},"17":{"name":"(anonymous_27)","decl":{"start":{"line":294,"column":7},"end":{"line":294,"column":20}},"loc":{"start":{"line":294,"column":49},"end":{"line":297,"column":null}}},"18":{"name":"_AdvanceSettings_markup","decl":{"start":{"line":21,"column":9},"end":{"line":21,"column":38}},"loc":{"start":{"line":21,"column":38},"end":{"line":87,"column":2}}},"19":{"name":"_AdvanceSettings_analyticsUsage","decl":{"start":{"line":87,"column":2},"end":{"line":87,"column":null}},"loc":{"start":{"line":89,"column":31},"end":{"line":111,"column":2}}}},"branchMap":{"0":{"loc":{"start":{"line":117,"column":2},"end":{"line":119,"column":3}},"type":"if","locations":[{"start":{"line":117,"column":2},"end":{"line":119,"column":3}}]},"1":{"loc":{"start":{"line":176,"column":2},"end":{"line":176,"column":22}},"type":"if","locations":[{"start":{"line":176,"column":2},"end":{"line":176,"column":22}}]},"2":{"loc":{"start":{"line":208,"column":2},"end":{"line":208,"column":22}},"type":"if","locations":[{"start":{"line":208,"column":2},"end":{"line":208,"column":22}}]},"3":{"loc":{"start":{"line":232,"column":2},"end":{"line":232,"column":52}},"type":"if","locations":[{"start":{"line":232,"column":2},"end":{"line":232,"column":52}}]},"4":{"loc":{"start":{"line":277,"column":4},"end":{"line":286,"column":5}},"type":"if","locations":[{"start":{"line":277,"column":4},"end":{"line":286,"column":5}}]},"5":{"loc":{"start":{"line":278,"column":5},"end":{"line":280,"column":43}},"type":"binary-expr","locations":[{"start":{"line":278,"column":5},"end":{"line":278,"column":39}},{"start":{"line":279,"column":5},"end":{"line":279,"column":43}},{"start":{"line":280,"column":5},"end":{"line":280,"column":43}}]}},"s":{"0":2,"1":2,"2":6,"3":0,"4":0,"5":0,"6":0,"7":0,"8":0,"9":0,"10":0,"11":0,"12":0,"13":0,"14":0,"15":0,"16":0,"17":0,"18":0,"19":0,"20":0,"21":0,"22":0,"23":0,"24":0,"25":0,"26":0,"27":0,"28":0,"29":0,"30":0,"31":0,"32":0,"33":0,"34":0,"35":0,"36":0,"37":0,"38":0,"39":0,"40":0,"41":0,"42":0,"43":0,"44":0,"45":0,"46":0,"47":0,"48":0,"49":1,"50":0,"51":2,"52":2,"53":2,"54":2,"55":2,"56":2,"57":1,"58":1,"59":1,"60":1,"61":0,"62":0,"63":0,"64":0,"65":0,"66":0,"67":0,"68":0,"69":0,"70":2,"71":0,"72":0,"73":0,"74":0,"75":2},"f":{"0":6,"1":0,"2":0,"3":0,"4":0,"5":0,"6":0,"7":0,"8":0,"9":0,"10":1,"11":0,"12":2,"13":1,"14":0,"15":0,"16":0,"17":0,"18":0,"19":0},"b":{"0":[0],"1":[0],"2":[0],"3":[0],"4":[0],"5":[0,0,0]}}
,"C:\\Users\\hp\\Desktop\\Amalitech\\Official\\LabWorks\\5_staticallyStrictDebugger\\gtp_statically-strict-debugger\\src\\basicSettings.ts": {"path":"C:\\Users\\hp\\Desktop\\Amalitech\\Official\\LabWorks\\5_staticallyStrictDebugger\\gtp_statically-strict-debugger\\src\\basicSettings.ts","statementMap":{"0":{"start":{"line":3,"column":0},"end":{"line":3,"column":32}},"1":{"start":{"line":7,"column":2},"end":{"line":7,"column":10}},"2":{"start":{"line":11,"column":2},"end":{"line":18,"column":10}},"3":{"start":{"line":26,"column":15},"end":{"line":26,"column":41}},"4":{"start":{"line":27,"column":2},"end":{"line":27,"column":45}},"5":{"start":{"line":31,"column":2},"end":{"line":33,"column":11}},"6":{"start":{"line":32,"column":3},"end":{"line":32,"column":20}},"7":{"start":{"line":37,"column":2},"end":{"line":37,"column":74}},"8":{"start":{"line":38,"column":2},"end":{"line":41,"column":4}},"9":{"start":{"line":45,"column":2},"end":{"line":45,"column":77}},"10":{"start":{"line":46,"column":2},"end":{"line":49,"column":4}},"11":{"start":{"line":53,"column":15},"end":{"line":53,"column":65}},"12":{"start":{"line":54,"column":24},"end":{"line":54,"column":47}},"13":{"start":{"line":55,"column":23},"end":{"line":55,"column":75}},"14":{"start":{"line":56,"column":21},"end":{"line":59,"column":null}},"15":{"start":{"line":61,"column":2},"end":{"line":61,"column":59}},"16":{"start":{"line":69,"column":6},"end":{"line":69,"column":55}},"17":{"start":{"line":70,"column":17},"end":{"line":73,"column":null}},"18":{"start":{"line":76,"column":2},"end":{"line":76,"column":25}},"19":{"start":{"line":76,"column":18},"end":{"line":76,"column":25}},"20":{"start":{"line":78,"column":2},"end":{"line":78,"column":45}},"21":{"start":{"line":80,"column":2},"end":{"line":90,"column":3}},"22":{"start":{"line":81,"column":3},"end":{"line":81,"column":36}},"23":{"start":{"line":82,"column":3},"end":{"line":82,"column":32}},"24":{"start":{"line":83,"column":26},"end":{"line":83,"column":55}},"25":{"start":{"line":84,"column":3},"end":{"line":84,"column":57}},"26":{"start":{"line":85,"column":3},"end":{"line":85,"column":54}},"27":{"start":{"line":87,"column":3},"end":{"line":87,"column":37}},"28":{"start":{"line":88,"column":3},"end":{"line":88,"column":44}},"29":{"start":{"line":89,"column":3},"end":{"line":89,"column":25}},"30":{"start":{"line":94,"column":28},"end":{"line":94,"column":65}},"31":{"start":{"line":96,"column":2},"end":{"line":96,"column":64}},"32":{"start":{"line":96,"column":57},"end":{"line":96,"column":64}},"33":{"start":{"line":98,"column":2},"end":{"line":98,"column":43}},"34":{"start":{"line":100,"column":22},"end":{"line":103,"column":null}},"35":{"start":{"line":106,"column":2},"end":{"line":110,"column":3}},"36":{"start":{"line":107,"column":3},"end":{"line":107,"column":35}},"37":{"start":{"line":108,"column":3},"end":{"line":108,"column":58}},"38":{"start":{"line":109,"column":3},"end":{"line":109,"column":10}},"39":{"start":{"line":112,"column":2},"end":{"line":112,"column":33}},"40":{"start":{"line":113,"column":2},"end":{"line":113,"column":57}},"41":{"start":{"line":121,"column":6},"end":{"line":121,"column":54}},"42":{"start":{"line":123,"column":2},"end":{"line":123,"column":25}},"43":{"start":{"line":123,"column":18},"end":{"line":123,"column":25}},"44":{"start":{"line":125,"column":2},"end":{"line":132,"column":3}},"45":{"start":{"line":126,"column":3},"end":{"line":126,"column":36}},"46":{"start":{"line":127,"column":26},"end":{"line":127,"column":55}},"47":{"start":{"line":128,"column":3},"end":{"line":128,"column":57}},"48":{"start":{"line":130,"column":3},"end":{"line":130,"column":37}},"49":{"start":{"line":131,"column":3},"end":{"line":131,"column":44}},"50":{"start":{"line":136,"column":0},"end":{"line":136,"column":21}}},"fnMap":{"0":{"name":"(anonymous_1)","decl":{"start":{"line":6,"column":1},"end":{"line":6,"column":null}},"loc":{"start":{"line":6,"column":1},"end":{"line":8,"column":2}}},"1":{"name":"(anonymous_2)","decl":{"start":{"line":10,"column":1},"end":{"line":10,"column":13}},"loc":{"start":{"line":10,"column":29},"end":{"line":19,"column":2}}},"2":{"name":"(anonymous_3)","decl":{"start":{"line":21,"column":1},"end":{"line":21,"column":20}},"loc":{"start":{"line":24,"column":24},"end":{"line":28,"column":2}}},"3":{"name":"(anonymous_4)","decl":{"start":{"line":30,"column":1},"end":{"line":30,"column":19}},"loc":{"start":{"line":30,"column":40},"end":{"line":34,"column":2}}},"4":{"name":"(anonymous_5)","decl":{"start":{"line":31,"column":13},"end":{"line":31,"column":16}},"loc":{"start":{"line":31,"column":18},"end":{"line":33,"column":3}}},"5":{"name":"(anonymous_6)","decl":{"start":{"line":36,"column":1},"end":{"line":36,"column":14}},"loc":{"start":{"line":36,"column":65},"end":{"line":42,"column":2}}},"6":{"name":"(anonymous_7)","decl":{"start":{"line":44,"column":1},"end":{"line":44,"column":15}},"loc":{"start":{"line":44,"column":47},"end":{"line":50,"column":2}}},"7":{"name":"(anonymous_8)","decl":{"start":{"line":52,"column":1},"end":{"line":52,"column":24}},"loc":{"start":{"line":52,"column":63},"end":{"line":62,"column":2}}},"8":{"name":"(anonymous_9)","decl":{"start":{"line":64,"column":1},"end":{"line":64,"column":18}},"loc":{"start":{"line":64,"column":57},"end":{"line":91,"column":2}}},"9":{"name":"(anonymous_10)","decl":{"start":{"line":93,"column":1},"end":{"line":93,"column":27}},"loc":{"start":{"line":93,"column":67},"end":{"line":114,"column":2}}},"10":{"name":"(anonymous_11)","decl":{"start":{"line":116,"column":1},"end":{"line":116,"column":12}},"loc":{"start":{"line":116,"column":71},"end":{"line":133,"column":2}}}},"branchMap":{"0":{"loc":{"start":{"line":37,"column":2},"end":{"line":37,"column":73}},"type":"cond-expr","locations":[{"start":{"line":37,"column":20},"end":{"line":37,"column":22}},{"start":{"line":37,"column":2},"end":{"line":37,"column":73}}]},"1":{"loc":{"start":{"line":37,"column":2},"end":{"line":37,"column":22}},"type":"binary-expr","locations":[{"start":{"line":37,"column":2},"end":{"line":37,"column":22}},{"start":{"line":37,"column":2},"end":{"line":37,"column":22}}]},"2":{"loc":{"start":{"line":38,"column":2},"end":{"line":40,"column":null}},"type":"cond-expr","locations":[{"start":{"line":38,"column":20},"end":{"line":38,"column":22}},{"start":{"line":38,"column":2},"end":{"line":40,"column":null}}]},"3":{"loc":{"start":{"line":38,"column":2},"end":{"line":38,"column":22}},"type":"binary-expr","locations":[{"start":{"line":38,"column":2},"end":{"line":38,"column":22}},{"start":{"line":38,"column":2},"end":{"line":38,"column":22}}]},"4":{"loc":{"start":{"line":55,"column":23},"end":{"line":55,"column":75}},"type":"cond-expr","locations":[{"start":{"line":55,"column":41},"end":{"line":55,"column":43}},{"start":{"line":55,"column":23},"end":{"line":55,"column":75}}]},"5":{"loc":{"start":{"line":55,"column":23},"end":{"line":55,"column":43}},"type":"binary-expr","locations":[{"start":{"line":55,"column":23},"end":{"line":55,"column":43}},{"start":{"line":55,"column":23},"end":{"line":55,"column":43}}]},"6":{"loc":{"start":{"line":76,"column":2},"end":{"line":76,"column":25}},"type":"if","locations":[{"start":{"line":76,"column":2},"end":{"line":76,"column":25}}]},"7":{"loc":{"start":{"line":80,"column":2},"end":{"line":90,"column":3}},"type":"if","locations":[{"start":{"line":80,"column":2},"end":{"line":90,"column":3}},{"start":{"line":86,"column":9},"end":{"line":90,"column":3}}]},"8":{"loc":{"start":{"line":96,"column":2},"end":{"line":96,"column":64}},"type":"if","locations":[{"start":{"line":96,"column":2},"end":{"line":96,"column":64}}]},"9":{"loc":{"start":{"line":96,"column":6},"end":{"line":96,"column":55}},"type":"binary-expr","locations":[{"start":{"line":96,"column":6},"end":{"line":96,"column":35}},{"start":{"line":96,"column":39},"end":{"line":96,"column":55}}]},"10":{"loc":{"start":{"line":106,"column":2},"end":{"line":110,"column":3}},"type":"if","locations":[{"start":{"line":106,"column":2},"end":{"line":110,"column":3}}]},"11":{"loc":{"start":{"line":123,"column":2},"end":{"line":123,"column":25}},"type":"if","locations":[{"start":{"line":123,"column":2},"end":{"line":123,"column":25}}]},"12":{"loc":{"start":{"line":125,"column":2},"end":{"line":132,"column":3}},"type":"if","locations":[{"start":{"line":125,"column":2},"end":{"line":132,"column":3}},{"start":{"line":129,"column":9},"end":{"line":132,"column":3}}]}},"s":{"0":3,"1":14,"2":2,"3":1,"4":1,"5":1,"6":1,"7":1,"8":1,"9":1,"10":1,"11":0,"12":0,"13":0,"14":0,"15":0,"16":0,"17":0,"18":0,"19":0,"20":0,"21":0,"22":0,"23":0,"24":0,"25":0,"26":0,"27":0,"28":0,"29":0,"30":0,"31":0,"32":0,"33":0,"34":0,"35":0,"36":0,"37":0,"38":0,"39":0,"40":0,"41":0,"42":0,"43":0,"44":0,"45":0,"46":0,"47":0,"48":0,"49":0,"50":3},"f":{"0":14,"1":2,"2":1,"3":1,"4":1,"5":1,"6":1,"7":0,"8":0,"9":0,"10":0},"b":{"0":[0,1],"1":[1,1],"2":[0,1],"3":[1,1],"4":[0,0],"5":[0,0],"6":[0],"7":[0,0],"8":[0],"9":[0,0],"10":[0],"11":[0],"12":[0,0]}}
,"C:\\Users\\hp\\Desktop\\Amalitech\\Official\\LabWorks\\5_staticallyStrictDebugger\\gtp_statically-strict-debugger\\src\\general.ts": {"path":"C:\\Users\\hp\\Desktop\\Amalitech\\Official\\LabWorks\\5_staticallyStrictDebugger\\gtp_statically-strict-debugger\\src\\general.ts","statementMap":{"0":{"start":{"line":14,"column":1},"end":{"line":78,"column":3}},"1":{"start":{"line":80,"column":1},"end":{"line":85,"column":3}},"2":{"start":{"line":91,"column":2},"end":{"line":91,"column":25}},"3":{"start":{"line":92,"column":2},"end":{"line":92,"column":26}},"4":{"start":{"line":96,"column":2},"end":{"line":96,"column":35}},"5":{"start":{"line":100,"column":2},"end":{"line":100,"column":30}},"6":{"start":{"line":108,"column":26},"end":{"line":111,"column":null}},"7":{"start":{"line":113,"column":15},"end":{"line":113,"column":58}},"8":{"start":{"line":114,"column":2},"end":{"line":114,"column":14}},"9":{"start":{"line":122,"column":23},"end":{"line":125,"column":null}},"10":{"start":{"line":127,"column":15},"end":{"line":127,"column":38}},"11":{"start":{"line":128,"column":2},"end":{"line":128,"column":14}},"12":{"start":{"line":136,"column":2},"end":{"line":136,"column":50}},"13":{"start":{"line":140,"column":2},"end":{"line":144,"column":10}},"14":{"start":{"line":152,"column":15},"end":{"line":152,"column":41}},"15":{"start":{"line":153,"column":2},"end":{"line":153,"column":45}},"16":{"start":{"line":157,"column":2},"end":{"line":159,"column":11}},"17":{"start":{"line":158,"column":3},"end":{"line":158,"column":20}},"18":{"start":{"line":163,"column":2},"end":{"line":163,"column":44}},"19":{"start":{"line":171,"column":26},"end":{"line":171,"column":70}},"20":{"start":{"line":172,"column":2},"end":{"line":174,"column":10}},"21":{"start":{"line":178,"column":2},"end":{"line":178,"column":57}},"22":{"start":{"line":182,"column":2},"end":{"line":182,"column":22}},"23":{"start":{"line":186,"column":2},"end":{"line":186,"column":30}},"24":{"start":{"line":190,"column":2},"end":{"line":190,"column":37}},"25":{"start":{"line":194,"column":2},"end":{"line":194,"column":37}},"26":{"start":{"line":197,"column":2},"end":{"line":197,"column":34}},"27":{"start":{"line":211,"column":2},"end":{"line":220,"column":3}},"28":{"start":{"line":212,"column":3},"end":{"line":212,"column":39}},"29":{"start":{"line":213,"column":9},"end":{"line":220,"column":3}},"30":{"start":{"line":214,"column":28},"end":{"line":214,"column":69}},"31":{"start":{"line":215,"column":3},"end":{"line":215,"column":50}},"32":{"start":{"line":216,"column":9},"end":{"line":220,"column":3}},"33":{"start":{"line":217,"column":3},"end":{"line":217,"column":45}},"34":{"start":{"line":219,"column":3},"end":{"line":219,"column":47}},"35":{"start":{"line":223,"column":3},"end":{"line":223,"column":42}},"36":{"start":{"line":225,"column":2},"end":{"line":225,"column":34}},"37":{"start":{"line":225,"column":27},"end":{"line":225,"column":34}},"38":{"start":{"line":227,"column":2},"end":{"line":227,"column":38}},"39":{"start":{"line":231,"column":16},"end":{"line":231,"column":31}},"40":{"start":{"line":232,"column":18},"end":{"line":232,"column":33}},"41":{"start":{"line":233,"column":2},"end":{"line":233,"column":17}},"42":{"start":{"line":237,"column":0},"end":{"line":237,"column":23}}},"fnMap":{"0":{"name":"(anonymous_0)","decl":{"start":{"line":90,"column":1},"end":{"line":90,"column":null}},"loc":{"start":{"line":90,"column":1},"end":{"line":93,"column":2}}},"1":{"name":"(anonymous_1)","decl":{"start":{"line":95,"column":1},"end":{"line":95,"column":13}},"loc":{"start":{"line":95,"column":26},"end":{"line":97,"column":2}}},"2":{"name":"(anonymous_2)","decl":{"start":{"line":99,"column":1},"end":{"line":99,"column":8}},"loc":{"start":{"line":99,"column":8},"end":{"line":101,"column":2}}},"3":{"name":"(anonymous_3)","decl":{"start":{"line":103,"column":1},"end":{"line":103,"column":25}},"loc":{"start":{"line":106,"column":23},"end":{"line":115,"column":2}}},"4":{"name":"(anonymous_4)","decl":{"start":{"line":117,"column":1},"end":{"line":117,"column":17}},"loc":{"start":{"line":120,"column":22},"end":{"line":129,"column":2}}},"5":{"name":"(anonymous_5)","decl":{"start":{"line":131,"column":1},"end":{"line":131,"column":11}},"loc":{"start":{"line":134,"column":24},"end":{"line":137,"column":2}}},"6":{"name":"(anonymous_6)","decl":{"start":{"line":139,"column":1},"end":{"line":139,"column":13}},"loc":{"start":{"line":139,"column":29},"end":{"line":145,"column":2}}},"7":{"name":"(anonymous_7)","decl":{"start":{"line":147,"column":1},"end":{"line":147,"column":20}},"loc":{"start":{"line":150,"column":24},"end":{"line":154,"column":2}}},"8":{"name":"(anonymous_8)","decl":{"start":{"line":156,"column":1},"end":{"line":156,"column":19}},"loc":{"start":{"line":156,"column":40},"end":{"line":160,"column":2}}},"9":{"name":"(anonymous_9)","decl":{"start":{"line":157,"column":13},"end":{"line":157,"column":16}},"loc":{"start":{"line":157,"column":18},"end":{"line":159,"column":3}}},"10":{"name":"(anonymous_10)","decl":{"start":{"line":162,"column":1},"end":{"line":162,"column":9}},"loc":{"start":{"line":162,"column":28},"end":{"line":164,"column":2}}},"11":{"name":"(anonymous_11)","decl":{"start":{"line":166,"column":1},"end":{"line":166,"column":16}},"loc":{"start":{"line":169,"column":23},"end":{"line":175,"column":2}}},"12":{"name":"(anonymous_12)","decl":{"start":{"line":177,"column":1},"end":{"line":177,"column":21}},"loc":{"start":{"line":177,"column":66},"end":{"line":179,"column":2}}},"13":{"name":"(anonymous_13)","decl":{"start":{"line":181,"column":1},"end":{"line":181,"column":20}},"loc":{"start":{"line":181,"column":20},"end":{"line":183,"column":2}}},"14":{"name":"(anonymous_14)","decl":{"start":{"line":185,"column":1},"end":{"line":185,"column":18}},"loc":{"start":{"line":185,"column":54},"end":{"line":187,"column":2}}},"15":{"name":"(anonymous_15)","decl":{"start":{"line":189,"column":1},"end":{"line":189,"column":13}},"loc":{"start":{"line":189,"column":34},"end":{"line":191,"column":2}}},"16":{"name":"(anonymous_16)","decl":{"start":{"line":193,"column":1},"end":{"line":193,"column":13}},"loc":{"start":{"line":193,"column":34},"end":{"line":195,"column":2}}},"17":{"name":"(anonymous_17)","decl":{"start":{"line":196,"column":1},"end":{"line":196,"column":10}},"loc":{"start":{"line":196,"column":31},"end":{"line":198,"column":2}}},"18":{"name":"(anonymous_18)","decl":{"start":{"line":200,"column":1},"end":{"line":200,"column":20}},"loc":{"start":{"line":209,"column":2},"end":{"line":228,"column":2}}},"19":{"name":"(anonymous_19)","decl":{"start":{"line":230,"column":1},"end":{"line":230,"column":22}},"loc":{"start":{"line":230,"column":35},"end":{"line":234,"column":2}}}},"branchMap":{"0":{"loc":{"start":{"line":105,"column":2},"end":{"line":105,"column":31}},"type":"default-arg","locations":[{"start":{"line":105,"column":23},"end":{"line":105,"column":31}}]},"1":{"loc":{"start":{"line":106,"column":2},"end":{"line":106,"column":23}},"type":"default-arg","locations":[{"start":{"line":106,"column":20},"end":{"line":106,"column":23}}]},"2":{"loc":{"start":{"line":113,"column":15},"end":{"line":113,"column":58}},"type":"cond-expr","locations":[{"start":{"line":113,"column":43},"end":{"line":113,"column":45}},{"start":{"line":113,"column":43},"end":{"line":113,"column":58}}]},"3":{"loc":{"start":{"line":113,"column":15},"end":{"line":113,"column":45}},"type":"binary-expr","locations":[{"start":{"line":113,"column":15},"end":{"line":113,"column":45}},{"start":{"line":113,"column":43},"end":{"line":113,"column":45}}]},"4":{"loc":{"start":{"line":113,"column":15},"end":{"line":113,"column":43}},"type":"cond-expr","locations":[{"start":{"line":113,"column":30},"end":{"line":113,"column":32}},{"start":{"line":113,"column":15},"end":{"line":113,"column":43}}]},"5":{"loc":{"start":{"line":113,"column":15},"end":{"line":113,"column":32}},"type":"binary-expr","locations":[{"start":{"line":113,"column":15},"end":{"line":113,"column":32}},{"start":{"line":113,"column":15},"end":{"line":113,"column":32}}]},"6":{"loc":{"start":{"line":171,"column":26},"end":{"line":171,"column":70}},"type":"cond-expr","locations":[{"start":{"line":171,"column":41},"end":{"line":171,"column":43}},{"start":{"line":171,"column":26},"end":{"line":171,"column":70}}]},"7":{"loc":{"start":{"line":171,"column":26},"end":{"line":171,"column":43}},"type":"binary-expr","locations":[{"start":{"line":171,"column":26},"end":{"line":171,"column":43}},{"start":{"line":171,"column":26},"end":{"line":171,"column":43}}]},"8":{"loc":{"start":{"line":172,"column":9},"end":{"line":174,"column":9}},"type":"cond-expr","locations":[{"start":{"line":173,"column":5},"end":{"line":173,"column":49}},{"start":{"line":174,"column":5},"end":{"line":174,"column":9}}]},"9":{"loc":{"start":{"line":211,"column":2},"end":{"line":220,"column":3}},"type":"if","locations":[{"start":{"line":211,"column":2},"end":{"line":220,"column":3}},{"start":{"line":213,"column":9},"end":{"line":220,"column":3}}]},"10":{"loc":{"start":{"line":213,"column":9},"end":{"line":220,"column":3}},"type":"if","locations":[{"start":{"line":213,"column":9},"end":{"line":220,"column":3}},{"start":{"line":216,"column":9},"end":{"line":220,"column":3}}]},"11":{"loc":{"start":{"line":216,"column":9},"end":{"line":220,"column":3}},"type":"if","locations":[{"start":{"line":216,"column":9},"end":{"line":220,"column":3}},{"start":{"line":218,"column":9},"end":{"line":220,"column":3}}]},"12":{"loc":{"start":{"line":223,"column":3},"end":{"line":223,"column":42}},"type":"cond-expr","locations":[{"start":{"line":223,"column":9},"end":{"line":223,"column":11}},{"start":{"line":223,"column":3},"end":{"line":223,"column":42}}]},"13":{"loc":{"start":{"line":223,"column":3},"end":{"line":223,"column":11}},"type":"binary-expr","locations":[{"start":{"line":223,"column":3},"end":{"line":223,"column":11}},{"start":{"line":223,"column":3},"end":{"line":223,"column":11}}]},"14":{"loc":{"start":{"line":225,"column":2},"end":{"line":225,"column":34}},"type":"if","locations":[{"start":{"line":225,"column":2},"end":{"line":225,"column":34}}]}},"s":{"0":18,"1":18,"2":18,"3":18,"4":1,"5":0,"6":0,"7":0,"8":0,"9":0,"10":0,"11":0,"12":1,"13":0,"14":0,"15":0,"16":0,"17":0,"18":0,"19":0,"20":0,"21":0,"22":0,"23":1,"24":1,"25":1,"26":1,"27":0,"28":0,"29":0,"30":0,"31":0,"32":0,"33":0,"34":0,"35":0,"36":0,"37":0,"38":0,"39":0,"40":0,"41":0,"42":4},"f":{"0":18,"1":1,"2":0,"3":0,"4":0,"5":1,"6":0,"7":0,"8":0,"9":0,"10":0,"11":0,"12":0,"13":0,"14":1,"15":1,"16":1,"17":1,"18":0,"19":0},"b":{"0":[0],"1":[0],"2":[0,0],"3":[0,0],"4":[0,0],"5":[0,0],"6":[0,0],"7":[0,0],"8":[0,0],"9":[0,0],"10":[0,0],"11":[0,0],"12":[0,0],"13":[0,0],"14":[0]}}
}
